
2025/01/12 (00:22:37) | ===> btop++ v.1.4.0
2025/01/12 (00:22:37) | WARNING: Failed to set locale en_US.UTF-8 continuing anyway.
2025/01/12 (00:22:37) | WARNING: Intel GPU: Failed to initialize PMU

2025/01/13 (15:23:41) | ===> btop++ v.1.4.0
2025/01/13 (15:23:41) | WARNING: Intel GPU: Failed to initialize PMU

2025/01/16 (18:14:15) | ===> btop++ v.1.4.0
2025/01/16 (18:14:15) | WARNING: Intel GPU: Failed to initialize PMU

2025/01/19 (05:11:26) | ===> btop++ v.1.4.0
2025/01/19 (05:11:26) | WARNING: Intel GPU: Failed to initialize PMU

2025/01/19 (05:20:48) | ===> btop++ v.1.4.0
2025/01/19 (05:20:48) | WARNING: Intel GPU: Failed to initialize PMU
2025/01/19 (05:21:35) | INFO: Logger set to INFO

2025/01/19 (05:23:19) | ===> btop++ v.1.4.0
2025/01/19 (05:23:19) | INFO: Logger set to DEBUG
2025/01/19 (05:23:19) | DEBUG: Using locale en_US.UTF-8
2025/01/19 (05:23:19) | INFO: Running on /dev/pts/0
2025/01/19 (05:23:19) | INFO: Failed to load libnvidia-ml.so, NVIDIA GPUs will not be detected: libnvidia-ml.so.1: cannot open shared object file: No such file or directory
2025/01/19 (05:23:19) | INFO: Failed to load librocm_smi64.so, AMD GPUs will not be detected: librocm_smi64.so.6: cannot open shared object file: No such file or directory
2025/01/19 (05:23:19) | WARNING: Intel GPU: Failed to initialize PMU
2025/01/19 (05:23:19) | DEBUG: Shared::init() : Initialized.
2025/01/19 (05:23:26) | DEBUG: Loading theme file: /usr/share/btop/themes/dusklight.theme
2025/01/19 (05:23:26) | DEBUG: Loading theme file: /usr/share/btop/themes/solarized_light.theme
2025/01/19 (05:23:26) | DEBUG: Loading theme file: /usr/share/btop/themes/flat-remix.theme
2025/01/19 (05:23:26) | DEBUG: Loading theme file: /usr/share/btop/themes/everforest-dark-hard.theme
2025/01/19 (05:23:26) | DEBUG: Loading theme file: /usr/share/btop/themes/horizon.theme
2025/01/19 (05:23:27) | DEBUG: Loading theme file: /usr/share/btop/themes/ayu.theme
2025/01/19 (05:23:27) | DEBUG: Loading theme file: /usr/share/btop/themes/phoenix-night.theme
2025/01/19 (05:23:27) | DEBUG: Loading theme file: /usr/share/btop/themes/adwaita.theme
2025/01/19 (05:23:27) | DEBUG: Loading theme file: /usr/share/btop/themes/whiteout.theme
2025/01/19 (05:23:27) | DEBUG: Loading theme file: /usr/share/btop/themes/nord.theme
2025/01/19 (05:23:28) | DEBUG: Loading theme file: /usr/share/btop/themes/gruvbox_light.theme
2025/01/19 (05:23:28) | DEBUG: Loading theme file: /usr/share/btop/themes/gruvbox_dark.theme
2025/01/19 (05:23:28) | DEBUG: Loading theme file: /usr/share/btop/themes/solarized_dark.theme
2025/01/19 (05:23:28) | DEBUG: Loading theme file: /usr/share/btop/themes/gruvbox_dark.theme
2025/01/19 (05:23:29) | DEBUG: Loading theme file: /usr/share/btop/themes/gruvbox_light.theme
2025/01/19 (05:23:29) | DEBUG: Loading theme file: /usr/share/btop/themes/gruvbox_dark.theme
2025/01/19 (05:23:32) | DEBUG: Loading theme file: /usr/share/btop/themes/solarized_dark.theme
2025/01/19 (05:23:32) | DEBUG: Loading theme file: /usr/share/btop/themes/greyscale.theme
2025/01/19 (05:23:33) | DEBUG: Loading theme file: /usr/share/btop/themes/night-owl.theme
2025/01/19 (05:23:33) | DEBUG: Loading theme file: /usr/share/btop/themes/onedark.theme
2025/01/19 (05:23:33) | DEBUG: Loading theme file: /usr/share/btop/themes/HotPurpleTrafficLight.theme
2025/01/19 (05:23:33) | DEBUG: Loading theme file: /usr/share/btop/themes/tomorrow-night.theme
2025/01/19 (05:23:34) | DEBUG: Loading theme file: /usr/share/btop/themes/gruvbox_dark_v2.theme
2025/01/19 (05:23:34) | DEBUG: Loading theme file: /usr/share/btop/themes/adapta.theme
2025/01/19 (05:23:34) | DEBUG: Loading theme file: /usr/share/btop/themes/dracula.theme
2025/01/19 (05:23:34) | DEBUG: Loading theme file: /usr/share/btop/themes/adapta.theme
2025/01/19 (05:23:35) | DEBUG: Loading theme file: /usr/share/btop/themes/gruvbox_dark_v2.theme
2025/01/19 (05:23:54) | DEBUG: Loading theme file: /usr/share/btop/themes/adapta.theme
2025/01/19 (05:23:54) | DEBUG: Loading theme file: /usr/share/btop/themes/dracula.theme
2025/01/19 (05:23:55) | DEBUG: Loading theme file: /usr/share/btop/themes/tokyo-storm.theme
2025/01/19 (05:23:55) | DEBUG: Loading theme file: /usr/share/btop/themes/monokai.theme
2025/01/19 (05:23:55) | DEBUG: Loading theme file: /usr/share/btop/themes/elementarish.theme
2025/01/19 (05:23:56) | DEBUG: Loading theme file: /usr/share/btop/themes/matcha-dark-sea.theme
2025/01/19 (05:23:56) | DEBUG: Loading theme file: /usr/share/btop/themes/everforest-dark-medium.theme
2025/01/19 (05:23:56) | DEBUG: Loading theme file: /usr/share/btop/themes/kyli0x.theme
2025/01/19 (05:23:57) | DEBUG: Loading theme file: /usr/share/btop/themes/paper.theme
2025/01/19 (05:23:57) | DEBUG: Loading theme file: /usr/share/btop/themes/tokyo-night.theme
2025/01/19 (05:23:57) | DEBUG: Loading theme file: /usr/share/btop/themes/flat-remix-light.theme
2025/01/19 (05:23:57) | DEBUG: Loading theme file: /usr/share/btop/themes/gruvbox_material_dark.theme
2025/01/19 (05:23:59) | DEBUG: Loading theme file: /usr/share/btop/themes/gruvbox_material_dark.theme
2025/01/19 (05:23:59) | DEBUG: Loading theme file: /usr/share/btop/themes/flat-remix-light.theme
2025/01/19 (05:23:59) | DEBUG: Loading theme file: /usr/share/btop/themes/gruvbox_material_dark.theme
2025/01/19 (05:24:13) | DEBUG: Loading theme file: /usr/share/btop/themes/dusklight.theme
2025/01/19 (05:24:13) | DEBUG: Loading theme file: /usr/share/btop/themes/solarized_light.theme
2025/01/19 (05:24:13) | DEBUG: Loading theme file: /usr/share/btop/themes/flat-remix.theme
2025/01/19 (05:24:14) | DEBUG: Loading theme file: /usr/share/btop/themes/everforest-dark-hard.theme

2025/01/19 (05:24:17) | ===> btop++ v.1.4.0
2025/01/19 (05:24:17) | INFO: Logger set to DEBUG
2025/01/19 (05:24:17) | DEBUG: Using locale en_US.UTF-8
2025/01/19 (05:24:17) | INFO: Running on /dev/pts/0
2025/01/19 (05:24:17) | INFO: Failed to load libnvidia-ml.so, NVIDIA GPUs will not be detected: libnvidia-ml.so.1: cannot open shared object file: No such file or directory
2025/01/19 (05:24:17) | INFO: Failed to load librocm_smi64.so, AMD GPUs will not be detected: librocm_smi64.so.6: cannot open shared object file: No such file or directory
2025/01/19 (05:24:17) | WARNING: Intel GPU: Failed to initialize PMU
2025/01/19 (05:24:17) | DEBUG: Shared::init() : Initialized.
2025/01/19 (05:24:17) | DEBUG: Loading theme file: /usr/share/btop/themes/gruvbox_material_dark.theme

2025/01/19 (05:25:46) | ===> btop++ v.1.4.0
2025/01/19 (05:25:46) | INFO: Logger set to DEBUG
2025/01/19 (05:25:46) | DEBUG: Using locale en_US.UTF-8
2025/01/19 (05:25:46) | INFO: Running on /dev/pts/1
2025/01/19 (05:25:46) | INFO: Failed to load libnvidia-ml.so, NVIDIA GPUs will not be detected: libnvidia-ml.so.1: cannot open shared object file: No such file or directory
2025/01/19 (05:25:46) | INFO: Failed to load librocm_smi64.so, AMD GPUs will not be detected: librocm_smi64.so.6: cannot open shared object file: No such file or directory
2025/01/19 (05:25:46) | WARNING: Intel GPU: Failed to initialize PMU
2025/01/19 (05:25:46) | DEBUG: Shared::init() : Initialized.
2025/01/19 (05:25:46) | DEBUG: Loading theme file: /usr/share/btop/themes/gruvbox_material_dark.theme

2025/01/19 (06:41:20) | ===> btop++ v.1.4.0
2025/01/19 (06:41:20) | INFO: Logger set to DEBUG
2025/01/19 (06:41:20) | DEBUG: Using locale en_US.UTF-8
2025/01/19 (06:41:20) | INFO: Running on /dev/pts/2
2025/01/19 (06:41:21) | INFO: Failed to load libnvidia-ml.so, NVIDIA GPUs will not be detected: libnvidia-ml.so.1: cannot open shared object file: No such file or directory
2025/01/19 (06:41:21) | INFO: Failed to load librocm_smi64.so, AMD GPUs will not be detected: librocm_smi64.so.6: cannot open shared object file: No such file or directory
2025/01/19 (06:41:21) | WARNING: Intel GPU: Failed to initialize PMU
2025/01/19 (06:41:21) | DEBUG: Shared::init() : Initialized.
2025/01/19 (06:41:21) | DEBUG: Loading theme file: /usr/share/btop/themes/gruvbox_material_dark.theme

2025/01/19 (06:43:56) | ===> btop++ v.1.4.0
2025/01/19 (06:43:56) | INFO: Logger set to DEBUG
2025/01/19 (06:43:56) | DEBUG: Using locale en_US.UTF-8
2025/01/19 (06:43:56) | INFO: Running on /dev/pts/2
2025/01/19 (06:43:56) | INFO: Failed to load libnvidia-ml.so, NVIDIA GPUs will not be detected: libnvidia-ml.so.1: cannot open shared object file: No such file or directory
2025/01/19 (06:43:56) | INFO: Failed to load librocm_smi64.so, AMD GPUs will not be detected: librocm_smi64.so.6: cannot open shared object file: No such file or directory
2025/01/19 (06:43:56) | WARNING: Intel GPU: Failed to initialize PMU
2025/01/19 (06:43:56) | DEBUG: Shared::init() : Initialized.
2025/01/19 (06:43:56) | DEBUG: Loading theme file: /usr/share/btop/themes/gruvbox_material_dark.theme

2025/01/19 (06:44:52) | ===> btop++ v.1.4.0
2025/01/19 (06:44:52) | INFO: Logger set to DEBUG
2025/01/19 (06:44:52) | DEBUG: Using locale en_US.UTF-8
2025/01/19 (06:44:52) | INFO: Running on /dev/pts/3
2025/01/19 (06:44:52) | INFO: Failed to load libnvidia-ml.so, NVIDIA GPUs will not be detected: libnvidia-ml.so.1: cannot open shared object file: No such file or directory
2025/01/19 (06:44:52) | INFO: Failed to load librocm_smi64.so, AMD GPUs will not be detected: librocm_smi64.so.6: cannot open shared object file: No such file or directory
2025/01/19 (06:44:52) | WARNING: Intel GPU: Failed to initialize PMU
2025/01/19 (06:44:52) | DEBUG: Shared::init() : Initialized.
2025/01/19 (06:44:52) | DEBUG: Loading theme file: /usr/share/btop/themes/gruvbox_material_dark.theme

2025/01/19 (16:27:12) | ===> btop++ v.1.4.0
2025/01/19 (16:27:12) | INFO: Logger set to DEBUG
2025/01/19 (16:27:12) | DEBUG: Using locale en_US.UTF-8
2025/01/19 (16:27:12) | INFO: Running on /dev/pts/0
2025/01/19 (16:27:12) | INFO: Failed to load libnvidia-ml.so, NVIDIA GPUs will not be detected: libnvidia-ml.so.1: cannot open shared object file: No such file or directory
2025/01/19 (16:27:12) | INFO: Failed to load librocm_smi64.so, AMD GPUs will not be detected: librocm_smi64.so.6: cannot open shared object file: No such file or directory
2025/01/19 (16:27:12) | WARNING: Intel GPU: Failed to initialize PMU
2025/01/19 (16:27:12) | DEBUG: Shared::init() : Initialized.
2025/01/19 (16:27:12) | DEBUG: Loading theme file: /usr/share/btop/themes/gruvbox_material_dark.theme

2025/01/19 (17:24:44) | ===> btop++ v.1.4.0
2025/01/19 (17:24:44) | INFO: Logger set to DEBUG
2025/01/19 (17:24:44) | DEBUG: Using locale en_US.UTF-8
2025/01/19 (17:24:44) | INFO: Running on /dev/pts/2
2025/01/19 (17:24:44) | INFO: Failed to load libnvidia-ml.so, NVIDIA GPUs will not be detected: libnvidia-ml.so.1: cannot open shared object file: No such file or directory
2025/01/19 (17:24:44) | INFO: Failed to load librocm_smi64.so, AMD GPUs will not be detected: librocm_smi64.so.6: cannot open shared object file: No such file or directory
2025/01/19 (17:24:44) | WARNING: Intel GPU: Failed to initialize PMU
2025/01/19 (17:24:44) | DEBUG: Shared::init() : Initialized.
2025/01/19 (17:24:44) | DEBUG: Loading theme file: /usr/share/btop/themes/gruvbox_material_dark.theme

2025/01/19 (17:25:01) | ===> btop++ v.1.4.0
2025/01/19 (17:25:01) | INFO: Logger set to DEBUG
2025/01/19 (17:25:01) | DEBUG: Using locale en_US.UTF-8
2025/01/19 (17:25:01) | INFO: Running on /dev/pts/2
2025/01/19 (17:25:01) | INFO: Failed to load libnvidia-ml.so, NVIDIA GPUs will not be detected: libnvidia-ml.so.1: cannot open shared object file: No such file or directory
2025/01/19 (17:25:01) | INFO: Failed to load librocm_smi64.so, AMD GPUs will not be detected: librocm_smi64.so.6: cannot open shared object file: No such file or directory
2025/01/19 (17:25:01) | WARNING: Intel GPU: Failed to initialize PMU
2025/01/19 (17:25:01) | DEBUG: Shared::init() : Initialized.
2025/01/19 (17:25:01) | DEBUG: Loading theme file: /usr/share/btop/themes/gruvbox_material_dark.theme

2025/01/19 (17:50:27) | ===> btop++ v.1.4.0
2025/01/19 (17:50:27) | INFO: Logger set to DEBUG
2025/01/19 (17:50:27) | DEBUG: Using locale en_US.UTF-8
2025/01/19 (17:50:27) | INFO: Running on /dev/pts/2
2025/01/19 (17:50:27) | INFO: Failed to load libnvidia-ml.so, NVIDIA GPUs will not be detected: libnvidia-ml.so.1: cannot open shared object file: No such file or directory
2025/01/19 (17:50:27) | INFO: Failed to load librocm_smi64.so, AMD GPUs will not be detected: librocm_smi64.so.6: cannot open shared object file: No such file or directory
2025/01/19 (17:50:27) | WARNING: Intel GPU: Failed to initialize PMU
2025/01/19 (17:50:27) | DEBUG: Shared::init() : Initialized.
2025/01/19 (17:50:27) | DEBUG: Loading theme file: /usr/share/btop/themes/gruvbox_material_dark.theme

2025/01/19 (18:09:09) | ===> btop++ v.1.4.0
2025/01/19 (18:09:09) | INFO: Logger set to DEBUG
2025/01/19 (18:09:09) | DEBUG: Using locale en_US.UTF-8
2025/01/19 (18:09:09) | INFO: Running on /dev/pts/1
2025/01/19 (18:09:10) | INFO: Failed to load libnvidia-ml.so, NVIDIA GPUs will not be detected: libnvidia-ml.so.1: cannot open shared object file: No such file or directory
2025/01/19 (18:09:10) | INFO: Failed to load librocm_smi64.so, AMD GPUs will not be detected: librocm_smi64.so.6: cannot open shared object file: No such file or directory
2025/01/19 (18:09:10) | WARNING: Intel GPU: Failed to initialize PMU
2025/01/19 (18:09:10) | DEBUG: Shared::init() : Initialized.
2025/01/19 (18:09:10) | DEBUG: Loading theme file: /usr/share/btop/themes/gruvbox_material_dark.theme

2025/01/19 (18:13:50) | ===> btop++ v.1.4.0
2025/01/19 (18:13:50) | INFO: Logger set to DEBUG
2025/01/19 (18:13:50) | DEBUG: Using locale en_US.UTF-8
2025/01/19 (18:13:50) | INFO: Running on /dev/pts/3
2025/01/19 (18:13:50) | INFO: Failed to load libnvidia-ml.so, NVIDIA GPUs will not be detected: libnvidia-ml.so.1: cannot open shared object file: No such file or directory
2025/01/19 (18:13:50) | INFO: Failed to load librocm_smi64.so, AMD GPUs will not be detected: librocm_smi64.so.6: cannot open shared object file: No such file or directory
2025/01/19 (18:13:50) | WARNING: Intel GPU: Failed to initialize PMU
2025/01/19 (18:13:50) | DEBUG: Shared::init() : Initialized.
2025/01/19 (18:13:50) | DEBUG: Loading theme file: /usr/share/btop/themes/gruvbox_material_dark.theme

2025/01/19 (18:29:35) | ===> btop++ v.1.4.0
2025/01/19 (18:29:35) | INFO: Logger set to DEBUG
2025/01/19 (18:29:35) | DEBUG: Using locale en_US.UTF-8
2025/01/19 (18:29:35) | INFO: Running on /dev/pts/1
2025/01/19 (18:29:35) | INFO: Failed to load libnvidia-ml.so, NVIDIA GPUs will not be detected: libnvidia-ml.so.1: cannot open shared object file: No such file or directory
2025/01/19 (18:29:35) | INFO: Failed to load librocm_smi64.so, AMD GPUs will not be detected: librocm_smi64.so.6: cannot open shared object file: No such file or directory
2025/01/19 (18:29:35) | WARNING: Intel GPU: Failed to initialize PMU
2025/01/19 (18:29:35) | DEBUG: Shared::init() : Initialized.
2025/01/19 (18:29:35) | DEBUG: Loading theme file: /usr/share/btop/themes/gruvbox_material_dark.theme

2025/01/19 (18:50:16) | ===> btop++ v.1.4.0
2025/01/19 (18:50:16) | INFO: Logger set to DEBUG
2025/01/19 (18:50:16) | DEBUG: Using locale en_US.UTF-8
2025/01/19 (18:50:16) | INFO: Running on /dev/pts/0
2025/01/19 (18:50:16) | INFO: Failed to load libnvidia-ml.so, NVIDIA GPUs will not be detected: libnvidia-ml.so.1: cannot open shared object file: No such file or directory
2025/01/19 (18:50:16) | INFO: Failed to load librocm_smi64.so, AMD GPUs will not be detected: librocm_smi64.so.6: cannot open shared object file: No such file or directory
2025/01/19 (18:50:16) | WARNING: Intel GPU: Failed to initialize PMU
2025/01/19 (18:50:16) | DEBUG: Shared::init() : Initialized.
2025/01/19 (18:50:16) | DEBUG: Loading theme file: /usr/share/btop/themes/gruvbox_material_dark.theme

2025/01/20 (21:45:12) | ===> btop++ v.1.4.0
2025/01/20 (21:45:12) | INFO: Logger set to DEBUG
2025/01/20 (21:45:12) | DEBUG: Using locale en_US.UTF-8
2025/01/20 (21:45:12) | INFO: Running on /dev/pts/0
2025/01/20 (21:45:12) | INFO: Failed to load libnvidia-ml.so, NVIDIA GPUs will not be detected: libnvidia-ml.so.1: cannot open shared object file: No such file or directory
2025/01/20 (21:45:12) | INFO: Failed to load librocm_smi64.so, AMD GPUs will not be detected: librocm_smi64.so.6: cannot open shared object file: No such file or directory
2025/01/20 (21:45:12) | WARNING: Intel GPU: Failed to initialize PMU
2025/01/20 (21:45:12) | DEBUG: Shared::init() : Initialized.
2025/01/20 (21:45:12) | DEBUG: Loading theme file: /usr/share/btop/themes/gruvbox_material_dark.theme

2025/01/22 (19:01:26) | ===> btop++ v.1.4.0
2025/01/22 (19:01:26) | INFO: Logger set to DEBUG
2025/01/22 (19:01:26) | DEBUG: Using locale en_US.UTF-8
2025/01/22 (19:01:26) | INFO: Running on /dev/pts/0
2025/01/22 (19:01:26) | INFO: Failed to load libnvidia-ml.so, NVIDIA GPUs will not be detected: libnvidia-ml.so.1: cannot open shared object file: No such file or directory
2025/01/22 (19:01:26) | INFO: Failed to load librocm_smi64.so, AMD GPUs will not be detected: librocm_smi64.so.6: cannot open shared object file: No such file or directory
2025/01/22 (19:01:26) | WARNING: Intel GPU: Failed to initialize PMU
2025/01/22 (19:01:26) | DEBUG: Shared::init() : Initialized.
2025/01/22 (19:01:26) | DEBUG: Loading theme file: /usr/share/btop/themes/gruvbox_material_dark.theme
